camera/example/build/app/intermediates/manifest_merge_blame_file/debug/manifest-merger-blame-debug-report.txt
1<?xml version="1.0" encoding="utf-8"?>
2<manifest xmlns:android="http://schemas.android.com/apk/res/android"
3    package="io.flutter.plugins.cameraexample"
4    android:versionCode="1"
5    android:versionName="1.0" >
6
7    <uses-sdk
8        android:minSdkVersion="21"
8-->src\main\AndroidManifest.xml
9        android:targetSdkVersion="28" />
9-->src\main\AndroidManifest.xml
10
11    <uses-feature
11-->src\main\AndroidManifest.xml:22:3-24:30
12        android:name="android.hardware.camera"
12-->src\main\AndroidManifest.xml:23:5-43
13        android:required="true" />
13-->src\main\AndroidManifest.xml:24:5-28
14
15    <uses-permission android:name="android.permission.INTERNET" />
15-->src\main\AndroidManifest.xml:26:3-64
15-->src\main\AndroidManifest.xml:26:20-62
16    <uses-permission android:name="android.permission.FLASHLIGHT" />
16-->src\main\AndroidManifest.xml:27:3-66
16-->src\main\AndroidManifest.xml:27:20-64
17    <uses-permission android:name="android.permission.CAMERA" />
17-->[:camera_android] AndroidManifest.xml:7:5-65
17-->[:camera_android] AndroidManifest.xml:7:22-62
18    <uses-permission android:name="android.permission.RECORD_AUDIO" />
18-->[:camera_android] AndroidManifest.xml:8:5-71
18-->[:camera_android] AndroidManifest.xml:8:22-68
19    <uses-permission android:name="android.permission.ACCESS_NETWORK_STATE" />
19-->[androidx.media3:media3-common:1.4.1] AndroidManifest.xml:22:5-79
19-->[androidx.media3:media3-common:1.4.1] AndroidManifest.xml:22:22-76
20
21    <permission
21-->[androidx.core:core:1.13.1] AndroidManifest.xml:22:5-24:47
22        android:name="io.flutter.plugins.cameraexample.DYNAMIC_RECEIVER_NOT_EXPORTED_PERMISSION"
22-->[androidx.core:core:1.13.1] AndroidManifest.xml:23:9-81
23        android:protectionLevel="signature" />
23-->[androidx.core:core:1.13.1] AndroidManifest.xml:24:9-44
24
25    <uses-permission android:name="io.flutter.plugins.cameraexample.DYNAMIC_RECEIVER_NOT_EXPORTED_PERMISSION" />
25-->[androidx.core:core:1.13.1] AndroidManifest.xml:26:5-97
25-->[androidx.core:core:1.13.1] AndroidManifest.xml:26:22-94
26
27    <application
27-->src\main\AndroidManifest.xml:4:3-20:17
28        android:appComponentFactory="androidx.core.app.CoreComponentFactory"
28-->[androidx.core:core:1.13.1] AndroidManifest.xml:28:18-86
29        android:debuggable="true"
30        android:icon="@mipmap/ic_launcher"
30-->src\main\AndroidManifest.xml:5:5-39
31        android:label="camera_example" >
31-->src\main\AndroidManifest.xml:6:5-35
32        <activity
32-->src\main\AndroidManifest.xml:7:5-18:16
33            android:name="io.flutter.embedding.android.FlutterActivity"
33-->src\main\AndroidManifest.xml:11:7-66
34            android:configChanges="orientation|keyboardHidden|keyboard|screenSize|locale|layoutDirection"
34-->src\main\AndroidManifest.xml:8:7-100
35            android:hardwareAccelerated="true"
35-->src\main\AndroidManifest.xml:9:7-41
36            android:launchMode="singleTop"
36-->src\main\AndroidManifest.xml:10:7-37
37            android:theme="@style/LaunchTheme"
37-->src\main\AndroidManifest.xml:12:7-41
38            android:windowSoftInputMode="adjustResize" >
38-->src\main\AndroidManifest.xml:13:7-49
39            <intent-filter>
39-->src\main\AndroidManifest.xml:14:7-17:23
40                <action android:name="android.intent.action.MAIN" />
40-->src\main\AndroidManifest.xml:15:9-60
40-->src\main\AndroidManifest.xml:15:17-58
41
42                <category android:name="android.intent.category.LAUNCHER" />
42-->src\main\AndroidManifest.xml:16:9-68
42-->src\main\AndroidManifest.xml:16:19-66
43            </intent-filter>
44        </activity>
45
46        <meta-data
46-->src\main\AndroidManifest.xml:19:5-67
47            android:name="flutterEmbedding"
47-->src\main\AndroidManifest.xml:19:16-47
48            android:value="2" />
48-->src\main\AndroidManifest.xml:19:48-65
49
50        <uses-library
50-->[androidx.window:window:1.2.0] AndroidManifest.xml:23:9-25:40
51            android:name="androidx.window.extensions"
51-->[androidx.window:window:1.2.0] AndroidManifest.xml:24:13-54
52            android:required="false" />
52-->[androidx.window:window:1.2.0] AndroidManifest.xml:25:13-37
53        <uses-library
53-->[androidx.window:window:1.2.0] AndroidManifest.xml:26:9-28:40
54            android:name="androidx.window.sidecar"
54-->[androidx.window:window:1.2.0] AndroidManifest.xml:27:13-51
55            android:required="false" />
55-->[androidx.window:window:1.2.0] AndroidManifest.xml:28:13-37
56
57        <provider
57-->[androidx.lifecycle:lifecycle-process:2.7.0] AndroidManifest.xml:24:9-32:20
58            android:name="androidx.startup.InitializationProvider"
58-->[androidx.lifecycle:lifecycle-process:2.7.0] AndroidManifest.xml:25:13-67
59            android:authorities="io.flutter.plugins.cameraexample.androidx-startup"
59-->[androidx.lifecycle:lifecycle-process:2.7.0] AndroidManifest.xml:26:13-68
60            android:exported="false" >
60-->[androidx.lifecycle:lifecycle-process:2.7.0] AndroidManifest.xml:27:13-37
61            <meta-data
61-->[androidx.lifecycle:lifecycle-process:2.7.0] AndroidManifest.xml:29:13-31:52
62                android:name="androidx.lifecycle.ProcessLifecycleInitializer"
62-->[androidx.lifecycle:lifecycle-process:2.7.0] AndroidManifest.xml:30:17-78
63                android:value="androidx.startup" />
63-->[androidx.lifecycle:lifecycle-process:2.7.0] AndroidManifest.xml:31:17-49
64            <meta-data
64-->[androidx.profileinstaller:profileinstaller:1.3.1] AndroidManifest.xml:29:13-31:52
65                android:name="androidx.profileinstaller.ProfileInstallerInitializer"
65-->[androidx.profileinstaller:profileinstaller:1.3.1] AndroidManifest.xml:30:17-85
66                android:value="androidx.startup" />
66-->[androidx.profileinstaller:profileinstaller:1.3.1] AndroidManifest.xml:31:17-49
67        </provider>
68
69        <receiver
69-->[androidx.profileinstaller:profileinstaller:1.3.1] AndroidManifest.xml:34:9-52:20
70            android:name="androidx.profileinstaller.ProfileInstallReceiver"
70-->[androidx.profileinstaller:profileinstaller:1.3.1] AndroidManifest.xml:35:13-76
71            android:directBootAware="false"
71-->[androidx.profileinstaller:profileinstaller:1.3.1] AndroidManifest.xml:36:13-44
72            android:enabled="true"
72-->[androidx.profileinstaller:profileinstaller:1.3.1] AndroidManifest.xml:37:13-35
73            android:exported="true"
73-->[androidx.profileinstaller:profileinstaller:1.3.1] AndroidManifest.xml:38:13-36
74            android:permission="android.permission.DUMP" >
74-->[androidx.profileinstaller:profileinstaller:1.3.1] AndroidManifest.xml:39:13-57
75            <intent-filter>
75-->[androidx.profileinstaller:profileinstaller:1.3.1] AndroidManifest.xml:40:13-42:29
76                <action android:name="androidx.profileinstaller.action.INSTALL_PROFILE" />
76-->[androidx.profileinstaller:profileinstaller:1.3.1] AndroidManifest.xml:41:17-91
76-->[androidx.profileinstaller:profileinstaller:1.3.1] AndroidManifest.xml:41:25-88
77            </intent-filter>
78            <intent-filter>
78-->[androidx.profileinstaller:profileinstaller:1.3.1] AndroidManifest.xml:43:13-45:29
79                <action android:name="androidx.profileinstaller.action.SKIP_FILE" />
79-->[androidx.profileinstaller:profileinstaller:1.3.1] AndroidManifest.xml:44:17-85
79-->[androidx.profileinstaller:profileinstaller:1.3.1] AndroidManifest.xml:44:25-82
80            </intent-filter>
81            <intent-filter>
81-->[androidx.profileinstaller:profileinstaller:1.3.1] AndroidManifest.xml:46:13-48:29
82                <action android:name="androidx.profileinstaller.action.SAVE_PROFILE" />
82-->[androidx.profileinstaller:profileinstaller:1.3.1] AndroidManifest.xml:47:17-88
82-->[androidx.profileinstaller:profileinstaller:1.3.1] AndroidManifest.xml:47:25-85
83            </intent-filter>
84            <intent-filter>
84-->[androidx.profileinstaller:profileinstaller:1.3.1] AndroidManifest.xml:49:13-51:29
85                <action android:name="androidx.profileinstaller.action.BENCHMARK_OPERATION" />
85-->[androidx.profileinstaller:profileinstaller:1.3.1] AndroidManifest.xml:50:17-95
85-->[androidx.profileinstaller:profileinstaller:1.3.1] AndroidManifest.xml:50:25-92
86            </intent-filter>
87        </receiver>
88    </application>
89
90</manifest>